<?xml version="1.0" encoding="UTF-8"?>
<!-- Generated by org.testng.reporters.JUnitReportReporter -->
<testsuite hostname="marufpc2" failures="0" tests="2" name="parameter_demo.p1" time="0.017" errors="0" timestamp="2021-12-18T21:45:23 EST" skipped="0">
  <testcase classname="parameter_demo.p1" name="t5" time="0.014"/>
  <system-out/>
  <testcase classname="parameter_demo.p1" name="t5" time="0.003"/>
  <system-out/>
</testsuite> <!-- parameter_demo.p1 -->
