<?xml version="1.0" encoding="UTF-8"?>
<!-- Generated by org.testng.reporters.JUnitReportReporter -->
<testsuite skipped="0" hostname="marufpc2" name="api1.get1" tests="1" failures="0" timestamp="2022-03-03T21:39:54 EST" time="0.025" errors="0">
  <testcase name="t1" time="0.025" classname="api1.get1"/>
  <system-out/>
</testsuite> <!-- api1.get1 -->
