<?xml version="1.0" encoding="UTF-8"?>
<!-- Generated by org.testng.reporters.JUnitReportReporter -->
<testsuite hostname="marufpc2" failures="0" tests="1" name="api1.get1" time="7.592" errors="0" timestamp="2022-03-07T21:18:36 EST" skipped="0">
  <testcase classname="api1.get1" name="t2" time="7.592"/>
  <system-out/>
</testsuite> <!-- api1.get1 -->
