<?xml version="1.0" encoding="UTF-8"?>
<!-- Generated by org.testng.reporters.JUnitReportReporter -->
<testsuite hostname="marufpc2" failures="0" tests="2" name="testng_demo1.test1" time="0.017" errors="0" timestamp="2021-12-12T22:28:00 EST" skipped="0">
  <testcase classname="testng_demo1.test1" name="test2" time="0.012"/>
  <system-out/>
  <testcase classname="testng_demo1.test1" name="test" time="0.005"/>
  <system-out/>
</testsuite> <!-- testng_demo1.test1 -->
