<?xml version="1.0" encoding="UTF-8"?>
<!-- Generated by org.testng.reporters.JUnitReportReporter -->
<testsuite hostname="marufpc2" failures="0" tests="1" name="testpage.test1" time="8.839" errors="0" timestamp="2021-09-19T18:33:11 EDT" skipped="0">
  <testcase classname="testpage.test1" name="testTitle" time="8.839"/>
  <system-out/>
</testsuite> <!-- testpage.test1 -->
