<?xml version="1.0" encoding="UTF-8"?>
<!-- Generated by org.testng.reporters.JUnitReportReporter -->
<testsuite skipped="0" hostname="marufpc2" name="test1.t1" tests="11" failures="0" timestamp="2021-12-16T21:04:01 EST" time="1.065" errors="0">
  <testcase name="test4" time="0.002" classname="test1.t1"/>
  <system-out/>
  <testcase name="test6" time="0.002" classname="test1.t1"/>
  <system-out/>
  <testcase name="test4" time="0.009" classname="test1.t1"/>
  <system-out/>
  <testcase name="test5" time="1.024" classname="test1.t1"/>
  <system-out/>
  <testcase name="test4" time="0.004" classname="test1.t1"/>
  <system-out/>
  <testcase name="test4" time="0.002" classname="test1.t1"/>
  <system-out/>
  <testcase name="test4" time="0.004" classname="test1.t1"/>
  <system-out/>
  <testcase name="test7" time="0.009" classname="test1.t1"/>
  <system-out/>
  <testcase name="test2" time="0.004" classname="test1.t1"/>
  <system-out/>
  <testcase name="test" time="0.003" classname="test1.t1"/>
  <system-out/>
  <testcase name="test3" time="0.002" classname="test1.t1"/>
  <system-out/>
</testsuite> <!-- test1.t1 -->
